This file contains any messages produced by compilers while
running configure, to aid debugging if configure makes a mistake.

It was created by amQueue configure 2.0, which was
generated by GNU Autoconf 2.69.  Invocation command line was

  $ ./configure --prefix /home/guitarman/queue/

## --------- ##
## Platform. ##
## --------- ##

hostname = guitarman-Lenovo-G50-70
uname -m = x86_64
uname -r = 4.8.0-39-generic
uname -s = Linux
uname -v = #42-Ubuntu SMP Mon Feb 20 11:47:27 UTC 2017

/usr/bin/uname -p = unknown
/bin/uname -X     = unknown

/bin/arch              = unknown
/usr/bin/arch -k       = unknown
/usr/convex/getsysinfo = unknown
/usr/bin/hostinfo      = unknown
/bin/machine           = unknown
/usr/bin/oslevel       = unknown
/bin/universe          = unknown

PATH: /home/guitarman/bin
PATH: /home/guitarman/.local/bin
PATH: /usr/local/sbin
PATH: /usr/local/bin
PATH: /usr/sbin
PATH: /usr/bin
PATH: /sbin
PATH: /bin
PATH: /usr/games
PATH: /usr/local/games
PATH: /snap/bin
PATH: /usr/lib/jvm/java-8-oracle/bin
PATH: /usr/lib/jvm/java-8-oracle/db/bin
PATH: /usr/lib/jvm/java-8-oracle/jre/bin


## ----------- ##
## Core tests. ##
## ----------- ##

configure:2209: checking for a BSD-compatible install
configure:2277: result: /usr/bin/install -c
configure:2288: checking whether build environment is sane
configure:2343: result: yes
configure:2494: checking for a thread-safe mkdir -p
configure:2533: result: /bin/mkdir -p
configure:2540: checking for gawk
configure:2570: result: no
configure:2540: checking for mawk
configure:2556: found /usr/bin/mawk
configure:2567: result: mawk
configure:2578: checking whether make sets $(MAKE)
configure:2600: result: yes
configure:2629: checking whether make supports nested variables
configure:2646: result: yes
configure:2773: checking for a sed that does not truncate output
configure:2837: result: /bin/sed
configure:2843: checking whether NLS is requested
configure:2852: result: yes
configure:2892: checking for msgfmt
configure: trying /usr/bin/msgfmt...
0 translated messages.
configure:2924: result: /usr/bin/msgfmt
configure:2933: checking for gmsgfmt
configure:2964: result: /usr/bin/msgfmt
configure:3014: checking for xgettext
configure: trying /usr/bin/xgettext...
/usr/bin/xgettext: warning: file '/dev/null' extension '' is unknown; will try C
configure:3046: result: /usr/bin/xgettext
configure:3091: checking for msgmerge
configure: trying /usr/bin/msgmerge...
configure:3122: result: /usr/bin/msgmerge
configure:3167: checking for style of include used by make
configure:3195: result: GNU
configure:3266: checking for gcc
configure:3282: found /usr/bin/gcc
configure:3293: result: gcc
configure:3522: checking for C compiler version
configure:3531: gcc --version >&5
gcc (Ubuntu 6.2.0-5ubuntu12) 6.2.0 20161005
Copyright (C) 2016 Free Software Foundation, Inc.
This is free software; see the source for copying conditions.  There is NO
warranty; not even for MERCHANTABILITY or FITNESS FOR A PARTICULAR PURPOSE.

configure:3542: $? = 0
configure:3531: gcc -v >&5
Using built-in specs.
COLLECT_GCC=gcc
COLLECT_LTO_WRAPPER=/usr/lib/gcc/x86_64-linux-gnu/6/lto-wrapper
Target: x86_64-linux-gnu
Configured with: ../src/configure -v --with-pkgversion='Ubuntu 6.2.0-5ubuntu12' --with-bugurl=file:///usr/share/doc/gcc-6/README.Bugs --enable-languages=c,ada,c++,java,go,d,fortran,objc,obj-c++ --prefix=/usr --program-suffix=-6 --program-prefix=x86_64-linux-gnu- --enable-shared --enable-linker-build-id --libexecdir=/usr/lib --without-included-gettext --enable-threads=posix --libdir=/usr/lib --enable-nls --with-sysroot=/ --enable-clocale=gnu --enable-libstdcxx-debug --enable-libstdcxx-time=yes --with-default-libstdcxx-abi=new --enable-gnu-unique-object --disable-vtable-verify --enable-libmpx --enable-plugin --enable-default-pie --with-system-zlib --disable-browser-plugin --enable-java-awt=gtk --enable-gtk-cairo --with-java-home=/usr/lib/jvm/java-1.5.0-gcj-6-amd64/jre --enable-java-home --with-jvm-root-dir=/usr/lib/jvm/java-1.5.0-gcj-6-amd64 --with-jvm-jar-dir=/usr/lib/jvm-exports/java-1.5.0-gcj-6-amd64 --with-arch-directory=amd64 --with-ecj-jar=/usr/share/java/eclipse-ecj.jar --enable-objc-gc --enable-multiarch --disable-werror --with-arch-32=i686 --with-abi=m64 --with-multilib-list=m32,m64,mx32 --enable-multilib --with-tune=generic --enable-checking=release --build=x86_64-linux-gnu --host=x86_64-linux-gnu --target=x86_64-linux-gnu
Thread model: posix
gcc version 6.2.0 20161005 (Ubuntu 6.2.0-5ubuntu12) 
configure:3542: $? = 0
configure:3531: gcc -V >&5
gcc: error: unrecognized command line option '-V'
gcc: fatal error: no input files
compilation terminated.
configure:3542: $? = 1
configure:3531: gcc -qversion >&5
gcc: error: unrecognized command line option '-qversion'; did you mean '--version'?
gcc: fatal error: no input files
compilation terminated.
configure:3542: $? = 1
configure:3562: checking whether the C compiler works
configure:3584: gcc    conftest.c  >&5
configure:3588: $? = 0
configure:3636: result: yes
configure:3639: checking for C compiler default output file name
configure:3641: result: a.out
configure:3647: checking for suffix of executables
configure:3654: gcc -o conftest    conftest.c  >&5
configure:3658: $? = 0
configure:3680: result: 
configure:3702: checking whether we are cross compiling
configure:3710: gcc -o conftest    conftest.c  >&5
configure:3714: $? = 0
configure:3721: ./conftest
configure:3725: $? = 0
configure:3740: result: no
configure:3745: checking for suffix of object files
configure:3767: gcc -c   conftest.c >&5
configure:3771: $? = 0
configure:3792: result: o
configure:3796: checking whether we are using the GNU C compiler
configure:3815: gcc -c   conftest.c >&5
configure:3815: $? = 0
configure:3824: result: yes
configure:3833: checking whether gcc accepts -g
configure:3853: gcc -c -g  conftest.c >&5
configure:3853: $? = 0
configure:3894: result: yes
configure:3911: checking for gcc option to accept ISO C89
configure:3974: gcc  -c -g -O2  conftest.c >&5
configure:3974: $? = 0
configure:3987: result: none needed
configure:4012: checking whether gcc understands -c and -o together
configure:4034: gcc -c conftest.c -o conftest2.o
configure:4037: $? = 0
configure:4034: gcc -c conftest.c -o conftest2.o
configure:4037: $? = 0
configure:4049: result: yes
configure:4068: checking dependency style of gcc
configure:4179: result: gcc3
configure:4198: checking build system type
configure:4212: result: x86_64-pc-linux-gnu
configure:4232: checking host system type
configure:4245: result: x86_64-pc-linux-gnu
configure:4290: checking for ld used by gcc
configure:4357: result: /usr/bin/ld
configure:4364: checking if the linker (/usr/bin/ld) is GNU ld
configure:4379: result: yes
configure:4386: checking for shared library run path origin
configure:4399: result: done
configure:4424: checking how to run the C preprocessor
configure:4455: gcc -E  conftest.c
configure:4455: $? = 0
configure:4469: gcc -E  conftest.c
conftest.c:11:28: fatal error: ac_nonexistent.h: No such file or directory
 #include <ac_nonexistent.h>
                            ^
compilation terminated.
configure:4469: $? = 1
configure: failed program was:
| /* confdefs.h */
| #define PACKAGE_NAME "amQueue"
| #define PACKAGE_TARNAME "amqueue"
| #define PACKAGE_VERSION "2.0"
| #define PACKAGE_STRING "amQueue 2.0"
| #define PACKAGE_BUGREPORT "kaarti.sr@gmail.com"
| #define PACKAGE_URL ""
| #define PACKAGE "amqueue"
| #define VERSION "2.0"
| /* end confdefs.h.  */
| #include <ac_nonexistent.h>
configure:4494: result: gcc -E
configure:4514: gcc -E  conftest.c
configure:4514: $? = 0
configure:4528: gcc -E  conftest.c
conftest.c:11:28: fatal error: ac_nonexistent.h: No such file or directory
 #include <ac_nonexistent.h>
                            ^
compilation terminated.
configure:4528: $? = 1
configure: failed program was:
| /* confdefs.h */
| #define PACKAGE_NAME "amQueue"
| #define PACKAGE_TARNAME "amqueue"
| #define PACKAGE_VERSION "2.0"
| #define PACKAGE_STRING "amQueue 2.0"
| #define PACKAGE_BUGREPORT "kaarti.sr@gmail.com"
| #define PACKAGE_URL ""
| #define PACKAGE "amqueue"
| #define VERSION "2.0"
| /* end confdefs.h.  */
| #include <ac_nonexistent.h>
configure:4557: checking for grep that handles long lines and -e
configure:4615: result: /bin/grep
configure:4620: checking for egrep
configure:4682: result: /bin/grep -E
configure:5240: checking for CFPreferencesCopyAppValue
configure:5258: gcc -o conftest -g -O2   conftest.c  -Wl,-framework -Wl,CoreFoundation >&5
conftest.c:11:42: fatal error: CoreFoundation/CFPreferences.h: No such file or directory
 #include <CoreFoundation/CFPreferences.h>
                                          ^
compilation terminated.
configure:5258: $? = 1
configure: failed program was:
| /* confdefs.h */
| #define PACKAGE_NAME "amQueue"
| #define PACKAGE_TARNAME "amqueue"
| #define PACKAGE_VERSION "2.0"
| #define PACKAGE_STRING "amQueue 2.0"
| #define PACKAGE_BUGREPORT "kaarti.sr@gmail.com"
| #define PACKAGE_URL ""
| #define PACKAGE "amqueue"
| #define VERSION "2.0"
| /* end confdefs.h.  */
| #include <CoreFoundation/CFPreferences.h>
| int
| main ()
| {
| CFPreferencesCopyAppValue(NULL, NULL)
|   ;
|   return 0;
| }
configure:5267: result: no
configure:5274: checking for CFLocaleCopyCurrent
configure:5292: gcc -o conftest -g -O2   conftest.c  -Wl,-framework -Wl,CoreFoundation >&5
conftest.c:11:37: fatal error: CoreFoundation/CFLocale.h: No such file or directory
 #include <CoreFoundation/CFLocale.h>
                                     ^
compilation terminated.
configure:5292: $? = 1
configure: failed program was:
| /* confdefs.h */
| #define PACKAGE_NAME "amQueue"
| #define PACKAGE_TARNAME "amqueue"
| #define PACKAGE_VERSION "2.0"
| #define PACKAGE_STRING "amQueue 2.0"
| #define PACKAGE_BUGREPORT "kaarti.sr@gmail.com"
| #define PACKAGE_URL ""
| #define PACKAGE "amqueue"
| #define VERSION "2.0"
| /* end confdefs.h.  */
| #include <CoreFoundation/CFLocale.h>
| int
| main ()
| {
| CFLocaleCopyCurrent();
|   ;
|   return 0;
| }
configure:5301: result: no
configure:5350: checking for GNU gettext in libc
configure:5379: gcc -o conftest -g -O2   conftest.c  >&5
configure:5379: $? = 0
configure:5388: result: yes
configure:6235: checking whether to use NLS
configure:6237: result: yes
configure:6240: checking where the gettext function comes from
configure:6251: result: libc
configure:6357: checking for ar
configure:6373: found /usr/bin/ar
configure:6384: result: ar
configure:6410: checking the archiver (ar) interface
configure:6426: gcc -c -g -O2  conftest.c >&5
configure:6426: $? = 0
configure:6428: ar cru libconftest.a conftest.o >&5
ar: `u' modifier ignored since `D' is the default (see `U')
configure:6431: $? = 0
configure:6459: result: ar
configure:6481: WARNING: Libtool does not cope well with whitespace in `pwd`
configure:6525: checking how to print strings
configure:6552: result: printf
configure:6573: checking for a sed that does not truncate output
configure:6637: result: /bin/sed
configure:6655: checking for fgrep
configure:6717: result: /bin/grep -F
configure:6752: checking for ld used by gcc
configure:6819: result: /usr/bin/ld
configure:6826: checking if the linker (/usr/bin/ld) is GNU ld
configure:6841: result: yes
configure:6853: checking for BSD- or MS-compatible name lister (nm)
configure:6907: result: /usr/bin/nm -B
configure:7037: checking the name lister (/usr/bin/nm -B) interface
configure:7044: gcc -c -g -O2  conftest.c >&5
configure:7047: /usr/bin/nm -B "conftest.o"
configure:7050: output
0000000000000000 B some_variable
configure:7057: result: BSD nm
configure:7060: checking whether ln -s works
configure:7064: result: yes
configure:7072: checking the maximum length of command line arguments
configure:7203: result: 1572864
configure:7251: checking how to convert x86_64-pc-linux-gnu file names to x86_64-pc-linux-gnu format
configure:7291: result: func_convert_file_noop
configure:7298: checking how to convert x86_64-pc-linux-gnu file names to toolchain format
configure:7318: result: func_convert_file_noop
configure:7325: checking for /usr/bin/ld option to reload object files
configure:7332: result: -r
configure:7406: checking for objdump
configure:7422: found /usr/bin/objdump
configure:7433: result: objdump
configure:7465: checking how to recognize dependent libraries
configure:7665: result: pass_all
configure:7750: checking for dlltool
configure:7780: result: no
configure:7810: checking how to associate runtime and link libraries
configure:7837: result: printf %s\n
configure:7961: checking for archiver @FILE support
configure:7978: gcc -c -g -O2  conftest.c >&5
configure:7978: $? = 0
configure:7981: ar cru libconftest.a @conftest.lst >&5
ar: `u' modifier ignored since `D' is the default (see `U')
configure:7984: $? = 0
configure:7989: ar cru libconftest.a @conftest.lst >&5
ar: `u' modifier ignored since `D' is the default (see `U')
ar: conftest.o: No such file or directory
configure:7992: $? = 1
configure:8004: result: @
configure:8062: checking for strip
configure:8078: found /usr/bin/strip
configure:8089: result: strip
configure:8161: checking for ranlib
configure:8177: found /usr/bin/ranlib
configure:8188: result: ranlib
configure:8290: checking command to parse /usr/bin/nm -B output from gcc object
configure:8443: gcc -c -g -O2  conftest.c >&5
configure:8446: $? = 0
configure:8450: /usr/bin/nm -B conftest.o \| sed -n -e 's/^.*[ ]\([ABCDGIRSTW][ABCDGIRSTW]*\)[ ][ ]*\([_A-Za-z][_A-Za-z0-9]*\)$/\1 \2 \2/p' | sed '/ __gnu_lto/d' \> conftest.nm
configure:8453: $? = 0
configure:8519: gcc -o conftest -g -O2   conftest.c conftstm.o >&5
configure:8522: $? = 0
configure:8560: result: ok
configure:8607: checking for sysroot
configure:8637: result: no
configure:8644: checking for a working dd
configure:8682: result: /bin/dd
configure:8686: checking how to truncate binary pipes
configure:8701: result: /bin/dd bs=4096 count=1
configure:8837: gcc -c -g -O2  conftest.c >&5
configure:8840: $? = 0
configure:9030: checking for mt
configure:9046: found /bin/mt
configure:9057: result: mt
configure:9080: checking if mt is a manifest tool
configure:9086: mt '-?'
configure:9094: result: no
configure:9766: checking for ANSI C header files
configure:9786: gcc -c -g -O2  conftest.c >&5
configure:9786: $? = 0
configure:9859: gcc -o conftest -g -O2   conftest.c  >&5
configure:9859: $? = 0
configure:9859: ./conftest
configure:9859: $? = 0
configure:9870: result: yes
configure:9883: checking for sys/types.h
configure:9883: gcc -c -g -O2  conftest.c >&5
configure:9883: $? = 0
configure:9883: result: yes
configure:9883: checking for sys/stat.h
configure:9883: gcc -c -g -O2  conftest.c >&5
configure:9883: $? = 0
configure:9883: result: yes
configure:9883: checking for stdlib.h
configure:9883: gcc -c -g -O2  conftest.c >&5
configure:9883: $? = 0
configure:9883: result: yes
configure:9883: checking for string.h
configure:9883: gcc -c -g -O2  conftest.c >&5
configure:9883: $? = 0
configure:9883: result: yes
configure:9883: checking for memory.h
configure:9883: gcc -c -g -O2  conftest.c >&5
configure:9883: $? = 0
configure:9883: result: yes
configure:9883: checking for strings.h
configure:9883: gcc -c -g -O2  conftest.c >&5
configure:9883: $? = 0
configure:9883: result: yes
configure:9883: checking for inttypes.h
configure:9883: gcc -c -g -O2  conftest.c >&5
configure:9883: $? = 0
configure:9883: result: yes
configure:9883: checking for stdint.h
configure:9883: gcc -c -g -O2  conftest.c >&5
configure:9883: $? = 0
configure:9883: result: yes
configure:9883: checking for unistd.h
configure:9883: gcc -c -g -O2  conftest.c >&5
configure:9883: $? = 0
configure:9883: result: yes
configure:9897: checking for dlfcn.h
configure:9897: gcc -c -g -O2  conftest.c >&5
configure:9897: $? = 0
configure:9897: result: yes
configure:10153: checking for objdir
configure:10168: result: .libs
configure:10432: checking if gcc supports -fno-rtti -fno-exceptions
configure:10450: gcc -c -g -O2  -fno-rtti -fno-exceptions conftest.c >&5
cc1: warning: command line option '-fno-rtti' is valid for C++/ObjC++ but not for C
configure:10454: $? = 0
configure:10467: result: no
configure:10825: checking for gcc option to produce PIC
configure:10832: result: -fPIC -DPIC
configure:10840: checking if gcc PIC flag -fPIC -DPIC works
configure:10858: gcc -c -g -O2  -fPIC -DPIC -DPIC conftest.c >&5
configure:10862: $? = 0
configure:10875: result: yes
configure:10904: checking if gcc static flag -static works
configure:10932: result: yes
configure:10947: checking if gcc supports -c -o file.o
configure:10968: gcc -c -g -O2  -o out/conftest2.o conftest.c >&5
configure:10972: $? = 0
configure:10994: result: yes
configure:11002: checking if gcc supports -c -o file.o
configure:11049: result: yes
configure:11082: checking whether the gcc linker (/usr/bin/ld -m elf_x86_64) supports shared libraries
configure:12345: result: yes
configure:12382: checking whether -lc should be explicitly linked in
configure:12390: gcc -c -g -O2  conftest.c >&5
configure:12393: $? = 0
configure:12408: gcc -shared  -fPIC -DPIC conftest.o  -v -Wl,-soname -Wl,conftest -o conftest 2\>\&1 \| /bin/grep  -lc  \>/dev/null 2\>\&1
configure:12411: $? = 0
configure:12425: result: no
configure:12585: checking dynamic linker characteristics
configure:13166: gcc -o conftest -g -O2   -Wl,-rpath -Wl,/foo conftest.c  >&5
configure:13166: $? = 0
configure:13415: result: GNU/Linux ld.so
configure:13537: checking how to hardcode library paths into programs
configure:13562: result: immediate
configure:14110: checking whether stripping libraries is possible
configure:14115: result: yes
configure:14150: checking if libtool supports shared libraries
configure:14152: result: yes
configure:14155: checking whether to build shared libraries
configure:14180: result: yes
configure:14183: checking whether to build static libraries
configure:14187: result: yes
configure:14272: checking for gcc
configure:14299: result: gcc
configure:14528: checking for C compiler version
configure:14537: gcc --version >&5
gcc (Ubuntu 6.2.0-5ubuntu12) 6.2.0 20161005
Copyright (C) 2016 Free Software Foundation, Inc.
This is free software; see the source for copying conditions.  There is NO
warranty; not even for MERCHANTABILITY or FITNESS FOR A PARTICULAR PURPOSE.

configure:14548: $? = 0
configure:14537: gcc -v >&5
Using built-in specs.
COLLECT_GCC=gcc
COLLECT_LTO_WRAPPER=/usr/lib/gcc/x86_64-linux-gnu/6/lto-wrapper
Target: x86_64-linux-gnu
Configured with: ../src/configure -v --with-pkgversion='Ubuntu 6.2.0-5ubuntu12' --with-bugurl=file:///usr/share/doc/gcc-6/README.Bugs --enable-languages=c,ada,c++,java,go,d,fortran,objc,obj-c++ --prefix=/usr --program-suffix=-6 --program-prefix=x86_64-linux-gnu- --enable-shared --enable-linker-build-id --libexecdir=/usr/lib --without-included-gettext --enable-threads=posix --libdir=/usr/lib --enable-nls --with-sysroot=/ --enable-clocale=gnu --enable-libstdcxx-debug --enable-libstdcxx-time=yes --with-default-libstdcxx-abi=new --enable-gnu-unique-object --disable-vtable-verify --enable-libmpx --enable-plugin --enable-default-pie --with-system-zlib --disable-browser-plugin --enable-java-awt=gtk --enable-gtk-cairo --with-java-home=/usr/lib/jvm/java-1.5.0-gcj-6-amd64/jre --enable-java-home --with-jvm-root-dir=/usr/lib/jvm/java-1.5.0-gcj-6-amd64 --with-jvm-jar-dir=/usr/lib/jvm-exports/java-1.5.0-gcj-6-amd64 --with-arch-directory=amd64 --with-ecj-jar=/usr/share/java/eclipse-ecj.jar --enable-objc-gc --enable-multiarch --disable-werror --with-arch-32=i686 --with-abi=m64 --with-multilib-list=m32,m64,mx32 --enable-multilib --with-tune=generic --enable-checking=release --build=x86_64-linux-gnu --host=x86_64-linux-gnu --target=x86_64-linux-gnu
Thread model: posix
gcc version 6.2.0 20161005 (Ubuntu 6.2.0-5ubuntu12) 
configure:14548: $? = 0
configure:14537: gcc -V >&5
gcc: error: unrecognized command line option '-V'
gcc: fatal error: no input files
compilation terminated.
configure:14548: $? = 1
configure:14537: gcc -qversion >&5
gcc: error: unrecognized command line option '-qversion'; did you mean '--version'?
gcc: fatal error: no input files
compilation terminated.
configure:14548: $? = 1
configure:14552: checking whether we are using the GNU C compiler
configure:14580: result: yes
configure:14589: checking whether gcc accepts -g
configure:14650: result: yes
configure:14667: checking for gcc option to accept ISO C89
configure:14743: result: none needed
configure:14768: checking whether gcc understands -c and -o together
configure:14805: result: yes
configure:14824: checking dependency style of gcc
configure:14935: result: gcc3
configure:15063: checking that generated files are newer than configure
configure:15069: result: done
configure:15096: creating ./config.status

## ---------------------- ##
## Running config.status. ##
## ---------------------- ##

This file was extended by amQueue config.status 2.0, which was
generated by GNU Autoconf 2.69.  Invocation command line was

  CONFIG_FILES    = 
  CONFIG_HEADERS  = 
  CONFIG_LINKS    = 
  CONFIG_COMMANDS = 
  $ ./config.status 

on guitarman-Lenovo-G50-70

config.status:1115: creating Makefile
config.status:1115: creating lib/Makefile
config.status:1115: creating src/Makefile
config.status:1115: creating po/Makefile.in
config.status:1115: creating config.h
config.status:1296: config.h is unchanged
config.status:1344: executing po-directories commands
config.status:1344: executing depfiles commands
config.status:1344: executing libtool commands

## ---------------- ##
## Cache variables. ##
## ---------------- ##

ac_cv_build=x86_64-pc-linux-gnu
ac_cv_c_compiler_gnu=yes
ac_cv_env_CC_set=
ac_cv_env_CC_value=
ac_cv_env_CFLAGS_set=
ac_cv_env_CFLAGS_value=
ac_cv_env_CPPFLAGS_set=
ac_cv_env_CPPFLAGS_value=
ac_cv_env_CPP_set=
ac_cv_env_CPP_value=
ac_cv_env_LDFLAGS_set=
ac_cv_env_LDFLAGS_value=
ac_cv_env_LIBS_set=
ac_cv_env_LIBS_value=
ac_cv_env_LT_SYS_LIBRARY_PATH_set=
ac_cv_env_LT_SYS_LIBRARY_PATH_value=
ac_cv_env_build_alias_set=
ac_cv_env_build_alias_value=
ac_cv_env_host_alias_set=
ac_cv_env_host_alias_value=
ac_cv_env_target_alias_set=
ac_cv_env_target_alias_value=
ac_cv_header_dlfcn_h=yes
ac_cv_header_inttypes_h=yes
ac_cv_header_memory_h=yes
ac_cv_header_stdc=yes
ac_cv_header_stdint_h=yes
ac_cv_header_stdlib_h=yes
ac_cv_header_string_h=yes
ac_cv_header_strings_h=yes
ac_cv_header_sys_stat_h=yes
ac_cv_header_sys_types_h=yes
ac_cv_header_unistd_h=yes
ac_cv_host=x86_64-pc-linux-gnu
ac_cv_objext=o
ac_cv_path_EGREP='/bin/grep -E'
ac_cv_path_FGREP='/bin/grep -F'
ac_cv_path_GMSGFMT=/usr/bin/msgfmt
ac_cv_path_GREP=/bin/grep
ac_cv_path_MSGFMT=/usr/bin/msgfmt
ac_cv_path_MSGMERGE=/usr/bin/msgmerge
ac_cv_path_SED=/bin/sed
ac_cv_path_XGETTEXT=/usr/bin/xgettext
ac_cv_path_install='/usr/bin/install -c'
ac_cv_path_lt_DD=/bin/dd
ac_cv_path_mkdir=/bin/mkdir
ac_cv_prog_AWK=mawk
ac_cv_prog_CPP='gcc -E'
ac_cv_prog_ac_ct_AR=ar
ac_cv_prog_ac_ct_CC=gcc
ac_cv_prog_ac_ct_MANIFEST_TOOL=mt
ac_cv_prog_ac_ct_OBJDUMP=objdump
ac_cv_prog_ac_ct_RANLIB=ranlib
ac_cv_prog_ac_ct_STRIP=strip
ac_cv_prog_cc_c89=
ac_cv_prog_cc_g=yes
ac_cv_prog_make_make_set=yes
acl_cv_hardcode_direct=no
acl_cv_hardcode_libdir_flag_spec='${wl}-rpath ${wl}$libdir'
acl_cv_hardcode_libdir_separator=
acl_cv_hardcode_minus_L=no
acl_cv_libext=a
acl_cv_libname_spec='lib$name'
acl_cv_library_names_spec='$libname$shrext'
acl_cv_path_LD=/usr/bin/ld
acl_cv_prog_gnu_ld=yes
acl_cv_rpath=done
acl_cv_shlibext=so
acl_cv_wl=-Wl,
am_cv_CC_dependencies_compiler_type=gcc3
am_cv_ar_interface=ar
am_cv_make_support_nested_variables=yes
am_cv_prog_cc_c_o=yes
gt_cv_func_CFLocaleCopyCurrent=no
gt_cv_func_CFPreferencesCopyAppValue=no
gt_cv_func_gnugettext1_libc=yes
lt_cv_ar_at_file=@
lt_cv_archive_cmds_need_lc=no
lt_cv_deplibs_check_method=pass_all
lt_cv_file_magic_cmd='$MAGIC_CMD'
lt_cv_file_magic_test_file=
lt_cv_ld_reload_flag=-r
lt_cv_nm_interface='BSD nm'
lt_cv_objdir=.libs
lt_cv_path_LD=/usr/bin/ld
lt_cv_path_NM='/usr/bin/nm -B'
lt_cv_path_mainfest_tool=no
lt_cv_prog_compiler_c_o=yes
lt_cv_prog_compiler_pic='-fPIC -DPIC'
lt_cv_prog_compiler_pic_works=yes
lt_cv_prog_compiler_rtti_exceptions=no
lt_cv_prog_compiler_static_works=yes
lt_cv_prog_gnu_ld=yes
lt_cv_sharedlib_from_linklib_cmd='printf %s\n'
lt_cv_shlibpath_overrides_runpath=no
lt_cv_sys_global_symbol_pipe='sed -n -e '\''s/^.*[	 ]\([ABCDGIRSTW][ABCDGIRSTW]*\)[	 ][	 ]*\([_A-Za-z][_A-Za-z0-9]*\)$/\1 \2 \2/p'\'' | sed '\''/ __gnu_lto/d'\'''
lt_cv_sys_global_symbol_to_c_name_address='sed -n -e '\''s/^: \(.*\) .*$/  {"\1", (void *) 0},/p'\'' -e '\''s/^[ABCDGIRSTW][ABCDGIRSTW]* .* \(.*\)$/  {"\1", (void *) \&\1},/p'\'''
lt_cv_sys_global_symbol_to_c_name_address_lib_prefix='sed -n -e '\''s/^: \(.*\) .*$/  {"\1", (void *) 0},/p'\'' -e '\''s/^[ABCDGIRSTW][ABCDGIRSTW]* .* \(lib.*\)$/  {"\1", (void *) \&\1},/p'\'' -e '\''s/^[ABCDGIRSTW][ABCDGIRSTW]* .* \(.*\)$/  {"lib\1", (void *) \&\1},/p'\'''
lt_cv_sys_global_symbol_to_cdecl='sed -n -e '\''s/^T .* \(.*\)$/extern int \1();/p'\'' -e '\''s/^[ABCDGIRSTW][ABCDGIRSTW]* .* \(.*\)$/extern char \1;/p'\'''
lt_cv_sys_global_symbol_to_import=
lt_cv_sys_max_cmd_len=1572864
lt_cv_to_host_file_cmd=func_convert_file_noop
lt_cv_to_tool_file_cmd=func_convert_file_noop
lt_cv_truncate_bin='/bin/dd bs=4096 count=1'

## ----------------- ##
## Output variables. ##
## ----------------- ##

ACLOCAL='${SHELL} "/home/guitarman/Documents/IT Sem VI/FOSS/q-using-linked-nodes/build-aux/missing" aclocal-1.15'
AMDEPBACKSLASH='\'
AMDEP_FALSE='#'
AMDEP_TRUE=''
AMTAR='$${TAR-tar}'
AM_BACKSLASH='\'
AM_DEFAULT_V='$(AM_DEFAULT_VERBOSITY)'
AM_DEFAULT_VERBOSITY='1'
AM_V='$(V)'
AR='ar'
AUTOCONF='${SHELL} "/home/guitarman/Documents/IT Sem VI/FOSS/q-using-linked-nodes/build-aux/missing" autoconf'
AUTOHEADER='${SHELL} "/home/guitarman/Documents/IT Sem VI/FOSS/q-using-linked-nodes/build-aux/missing" autoheader'
AUTOMAKE='${SHELL} "/home/guitarman/Documents/IT Sem VI/FOSS/q-using-linked-nodes/build-aux/missing" automake-1.15'
AWK='mawk'
CC='gcc'
CCDEPMODE='depmode=gcc3'
CFLAGS='-g -O2'
CPP='gcc -E'
CPPFLAGS=''
CYGPATH_W='echo'
DEFS='-DHAVE_CONFIG_H'
DEPDIR='.deps'
DLLTOOL='false'
DSYMUTIL=''
DUMPBIN=''
ECHO_C=''
ECHO_N='-n'
ECHO_T=''
EGREP='/bin/grep -E'
EXEEXT=''
FGREP='/bin/grep -F'
GETTEXT_MACRO_VERSION='0.19'
GMSGFMT='/usr/bin/msgfmt'
GMSGFMT_015='/usr/bin/msgfmt'
GREP='/bin/grep'
INSTALL_DATA='${INSTALL} -m 644'
INSTALL_PROGRAM='${INSTALL}'
INSTALL_SCRIPT='${INSTALL}'
INSTALL_STRIP_PROGRAM='$(install_sh) -c -s'
INTLLIBS=''
INTL_MACOSX_LIBS=''
LD='/usr/bin/ld -m elf_x86_64'
LDFLAGS=''
LIBICONV='-liconv'
LIBINTL=''
LIBOBJS=''
LIBS=''
LIBTOOL='$(SHELL) $(top_builddir)/libtool'
LIPO=''
LN_S='ln -s'
LTLIBICONV='-liconv'
LTLIBINTL=''
LTLIBOBJS=''
LT_SYS_LIBRARY_PATH=''
MAKEINFO='${SHELL} "/home/guitarman/Documents/IT Sem VI/FOSS/q-using-linked-nodes/build-aux/missing" makeinfo'
MANIFEST_TOOL=':'
MKDIR_P='/bin/mkdir -p'
MSGFMT='/usr/bin/msgfmt'
MSGFMT_015='/usr/bin/msgfmt'
MSGMERGE='/usr/bin/msgmerge'
NM='/usr/bin/nm -B'
NMEDIT=''
OBJDUMP='objdump'
OBJEXT='o'
OTOOL64=''
OTOOL=''
PACKAGE='amqueue'
PACKAGE_BUGREPORT='kaarti.sr@gmail.com'
PACKAGE_NAME='amQueue'
PACKAGE_STRING='amQueue 2.0'
PACKAGE_TARNAME='amqueue'
PACKAGE_URL=''
PACKAGE_VERSION='2.0'
PATH_SEPARATOR=':'
POSUB='po'
RANLIB='ranlib'
SED='/bin/sed'
SET_MAKE=''
SHELL='/bin/bash'
STRIP='strip'
USE_NLS='yes'
VERSION='2.0'
XGETTEXT='/usr/bin/xgettext'
XGETTEXT_015='/usr/bin/xgettext'
XGETTEXT_EXTRA_OPTIONS=''
ac_ct_AR='ar'
ac_ct_CC='gcc'
ac_ct_DUMPBIN=''
am__EXEEXT_FALSE=''
am__EXEEXT_TRUE='#'
am__fastdepCC_FALSE='#'
am__fastdepCC_TRUE=''
am__include='include'
am__isrc=''
am__leading_dot='.'
am__nodep='_no'
am__quote=''
am__tar='$${TAR-tar} chof - "$$tardir"'
am__untar='$${TAR-tar} xf -'
bindir='${exec_prefix}/bin'
build='x86_64-pc-linux-gnu'
build_alias=''
build_cpu='x86_64'
build_os='linux-gnu'
build_vendor='pc'
datadir='${datarootdir}'
datarootdir='${prefix}/share'
docdir='${datarootdir}/doc/${PACKAGE_TARNAME}'
dvidir='${docdir}'
exec_prefix='${prefix}'
host='x86_64-pc-linux-gnu'
host_alias=''
host_cpu='x86_64'
host_os='linux-gnu'
host_vendor='pc'
htmldir='${docdir}'
includedir='${prefix}/include'
infodir='${datarootdir}/info'
install_sh='${SHELL} '\''/home/guitarman/Documents/IT Sem VI/FOSS/q-using-linked-nodes/build-aux/install-sh'\'''
libdir='${exec_prefix}/lib'
libexecdir='${exec_prefix}/libexec'
localedir='${datarootdir}/locale'
localstatedir='${prefix}/var'
mandir='${datarootdir}/man'
mkdir_p='$(MKDIR_P)'
oldincludedir='/usr/include'
pdfdir='${docdir}'
prefix='/home/guitarman/queue'
program_transform_name='s,x,x,'
psdir='${docdir}'
runstatedir='${localstatedir}/run'
sbindir='${exec_prefix}/sbin'
sharedstatedir='${prefix}/com'
sysconfdir='${prefix}/etc'
target_alias=''

## ----------- ##
## confdefs.h. ##
## ----------- ##

/* confdefs.h */
#define PACKAGE_NAME "amQueue"
#define PACKAGE_TARNAME "amqueue"
#define PACKAGE_VERSION "2.0"
#define PACKAGE_STRING "amQueue 2.0"
#define PACKAGE_BUGREPORT "kaarti.sr@gmail.com"
#define PACKAGE_URL ""
#define PACKAGE "amqueue"
#define VERSION "2.0"
#define ENABLE_NLS 1
#define HAVE_GETTEXT 1
#define HAVE_DCGETTEXT 1
#define STDC_HEADERS 1
#define HAVE_SYS_TYPES_H 1
#define HAVE_SYS_STAT_H 1
#define HAVE_STDLIB_H 1
#define HAVE_STRING_H 1
#define HAVE_MEMORY_H 1
#define HAVE_STRINGS_H 1
#define HAVE_INTTYPES_H 1
#define HAVE_STDINT_H 1
#define HAVE_UNISTD_H 1
#define HAVE_DLFCN_H 1
#define LT_OBJDIR ".libs/"

configure: exit 0
